<?xml version="1.0" encoding="UTF-8"?>
<testng-results ignored="0" total="1" passed="1" failed="0" skipped="0">
  <reporter-output>
  </reporter-output>
  <suite started-at="2023-06-13T02:12:39 CEST" name="Default suite" finished-at="2023-06-13T02:13:38 CEST" duration-ms="59953">
    <groups>
    </groups>
    <test started-at="2023-06-13T02:12:39 CEST" name="Default test" finished-at="2023-06-13T02:13:38 CEST" duration-ms="59953">
      <class name="Happy_Path">
        <test-method signature="store_Scenarios()[pri:0, instance:Happy_Path@742ff096]" started-at="2023-06-13T02:12:39 CEST" name="store_Scenarios" finished-at="2023-06-13T02:13:38 CEST" duration-ms="59855" status="PASS">
          <reporter-output>
          </reporter-output>
        </test-method> <!-- store_Scenarios -->
      </class> <!-- Happy_Path -->
    </test> <!-- Default test -->
  </suite> <!-- Default suite -->
</testng-results>
